1.2641 	WARNING 	pyo audio lib was requested but not loaded: dlopen(/Applications/PsychoPy2.app/Contents/Resources/lib/python2.7/lib-dynload/_pyo.so, 2): Library not loaded: @executable_path/../Frameworks/liblo.7.dylib
  Referenced from: /Applications/PsychoPy2.app/Contents/Resources/lib/python2.7/lib-dynload/_pyo.so
  Reason: Incompatible library version: _pyo.so requires version 10.0.0 or later, but liblo.7.dylib provides version 9.0.0
42.3395 	EXP 	Created window1 = Window(allowGUI=False, allowStencil=False, autoLog=True, bitsMode=UNKNOWN, blendMode='avg', color=array([ 0.,  0.,  0.]), colorSpace='rgb', fullscr=UNKNOWN, gamma=None, lms=UNKNOWN, monitor=<psychopy.monitors.calibTools.Monitor instance at 0x10cebddd0>, name='window1', pos=[0, 0], screen=0, size=array([1440,  900]), stereo=False, units=u'norm', useFBO=True, viewOri=0.0, viewPos=None, viewScale=None, waitBlanking=True, winType='pyglet')
42.3396 	EXP 	window1: recordFrameIntervals = False
42.5041 	EXP 	window1: recordFrameIntervals = True
42.6876 	EXP 	window1: recordFrameIntervals = False
42.7754 	EXP 	Created instrText = TextStim(alignHoriz='center', alignVert='center', antialias=True, autoLog=True, bold=False, color='white', colorSpace='named', contrast=1.0, depth=0.0, flipHoriz=False, flipVert=False, font='Arial', fontFiles=[], height=0.07, italic=False, name='instrText', opacity=1.0, ori=0, pos=array([ 0.,  0.]), rgb=array([ 255.,  255.,  255.]), text=unicode(...), units=u'norm', win=Window(...), wrapWidth=1)
42.7910 	EXP 	Created runInstr = TextStim(alignHoriz='center', alignVert='center', antialias=True, autoLog=True, bold=False, color='white', colorSpace='named', contrast=1.0, depth=0.0, flipHoriz=False, flipVert=False, font='Arial', fontFiles=[], height=0.07, italic=False, name='runInstr', opacity=1.0, ori=0, pos=array([ 0.,  0.]), rgb=array([ 255.,  255.,  255.]), text=unicode(...), units=u'norm', win=Window(...), wrapWidth=1)
42.7979 	EXP 	Created fixationCross1 = TextStim(alignHoriz='center', alignVert='center', antialias=True, autoLog=True, bold=False, color='white', colorSpace='named', contrast=1.0, depth=0.0, flipHoriz=False, flipVert=False, font='Arial', fontFiles=[], height=0.15, italic=False, name='fixationCross1', opacity=1.0, ori=0, pos=array([ 0.,  0.]), rgb=array([ 255.,  255.,  255.]), text=u'+', units=u'norm', win=Window(...), wrapWidth=1)
42.8098 	EXP 	Created text = TextStim(alignHoriz='center', alignVert='center', antialias=True, autoLog=True, bold=False, color='white', colorSpace='named', contrast=1.0, depth=0.0, flipHoriz=False, flipVert=False, font='Arial', fontFiles=[], height=0.1, italic=False, name='text', opacity=1.0, ori=0, pos=array([ 0.,  0.]), rgb=array([ 255.,  255.,  255.]), text=u'New block is starting', units=u'norm', win=Window(...), wrapWidth=1)
42.8125 	EXP 	Created ibifixationCross = TextStim(alignHoriz='center', alignVert='center', antialias=True, autoLog=True, bold=False, color='white', colorSpace='named', contrast=1.0, depth=0.0, flipHoriz=False, flipVert=False, font='Arial', fontFiles=[], height=0.15, italic=False, name='ibifixationCross', opacity=1.0, ori=0, pos=array([ 0.,  0.]), rgb=array([ 255.,  255.,  255.]), text=u'+', units=u'norm', win=Window(...), wrapWidth=1)
42.9360 	EXP 	<method-wrapper '__getattribute__' of attributeSetter object at 0x10a67ef50>: vertices = array([[-0.15,  0.25],
       [ 0.15,  0.25],
       [ 0.15, -0.25],
       [-0.15, -0.25]])
42.9382 	EXP 	Created rightBox = Rect(autoDraw=False, autoLog=True, closeShape=True, contrast=1.0, depth=-2.0, fillColor=array([ 0.,  1.,  0.]), fillColorSpace='rgb', fillRGB=array([ 0.,  1.,  0.]), interpolate=True, lineColor=array([ 0.,  0.,  0.]), lineColorSpace='rgb', lineRGB=array([ 0.,  0.,  0.]), lineWidth=1, name='rightBox', opacity=1.0, ori=array(0.0), pos=array([ 0.25,  0.  ]), size=array([ 1.,  1.]), units=u'norm', vertices=ndarray(...), win=Window(...))
42.9386 	EXP 	<method-wrapper '__getattribute__' of attributeSetter object at 0x10a67ef50>: vertices = array([[-0.15,  0.25],
       [ 0.15,  0.25],
       [ 0.15, -0.25],
       [-0.15, -0.25]])
42.9407 	EXP 	Created leftBox = Rect(autoDraw=False, autoLog=True, closeShape=True, contrast=1.0, depth=-4.0, fillColor=array([ 0.,  0.,  1.]), fillColorSpace='rgb', fillRGB=array([ 0.,  0.,  1.]), interpolate=True, lineColor=array([ 0.,  0.,  0.]), lineColorSpace='rgb', lineRGB=array([ 0.,  0.,  0.]), lineWidth=1, name='leftBox', opacity=1.0, ori=array(0.0), pos=array([-0.25,  0.  ]), size=array([ 1.,  1.]), units=u'norm', vertices=ndarray(...), win=Window(...))
42.9411 	EXP 	<method-wrapper '__getattribute__' of attributeSetter object at 0x10a67ef50>: vertices = array([[-0.15,  0.25],
       [ 0.15,  0.25],
       [ 0.15, -0.25],
       [-0.15, -0.25]])
42.9426 	EXP 	Created leftHighlight = Rect(autoDraw=False, autoLog=True, closeShape=True, contrast=1.0, depth=-5.0, fillColor=None, fillColorSpace='rgb', fillRGB=None, interpolate=True, lineColor=array([ 0.,  1.,  1.]), lineColorSpace='rgb', lineRGB=array([ 0.,  1.,  1.]), lineWidth=10, name='leftHighlight', opacity=1.0, ori=array(0.0), pos=array([-0.25,  0.  ]), size=array([ 1.,  1.]), units=u'norm', vertices=ndarray(...), win=Window(...))
42.9430 	EXP 	<method-wrapper '__getattribute__' of attributeSetter object at 0x10a67ef50>: vertices = array([[-0.15,  0.25],
       [ 0.15,  0.25],
       [ 0.15, -0.25],
       [-0.15, -0.25]])
42.9448 	EXP 	Created rightHighlight = Rect(autoDraw=False, autoLog=True, closeShape=True, contrast=1.0, depth=-6.0, fillColor=None, fillColorSpace='rgb', fillRGB=None, interpolate=True, lineColor=array([ 0.,  1.,  1.]), lineColorSpace='rgb', lineRGB=array([ 0.,  1.,  1.]), lineWidth=10, name='rightHighlight', opacity=1.0, ori=array(0.0), pos=array([ 0.25,  0.  ]), size=array([ 1.,  1.]), units=u'norm', vertices=ndarray(...), win=Window(...))
42.9557 	EXP 	Created leftAnswerText = TextStim(alignHoriz='center', alignVert='center', antialias=True, autoLog=True, bold=False, color='black', colorSpace='named', contrast=1.0, depth=-7.0, flipHoriz=False, flipVert=False, font='Arial Bold', fontFiles=[], height=0.15, italic=False, name='leftAnswerText', opacity=1.0, ori=0, pos=array([-0.25,  0.  ]), rgb=array([ 0.,  0.,  0.]), text=u'X', units=u'norm', win=Window(...), wrapWidth=1)
42.9601 	EXP 	Created rightAnswerText = TextStim(alignHoriz='center', alignVert='center', antialias=True, autoLog=True, bold=False, color='black', colorSpace='named', contrast=1.0, depth=-8.0, flipHoriz=False, flipVert=False, font='Arial Bold', fontFiles=[], height=0.15, italic=False, name='rightAnswerText', opacity=1.0, ori=0, pos=array([ 0.25,  0.  ]), rgb=array([ 0.,  0.,  0.]), text=u'Y', units=u'norm', win=Window(...), wrapWidth=1)
42.9671 	EXP 	Created L_condition = TextStim(alignHoriz='center', alignVert='center', antialias=True, autoLog=True, bold=False, color='white', colorSpace='named', contrast=1.0, depth=-10.0, flipHoriz=False, flipVert=False, font='Arial', fontFiles=[], height=0.1, italic=False, name='L_condition', opacity=1.0, ori=0, pos=array([-0.25,  0.32]), rgb=array([ 255.,  255.,  255.]), text=u'default text', units=u'norm', win=Window(...), wrapWidth=1)
42.9739 	EXP 	Created R_condition = TextStim(alignHoriz='center', alignVert='center', antialias=True, autoLog=True, bold=False, color='white', colorSpace='named', contrast=1.0, depth=-11.0, flipHoriz=False, flipVert=False, font='Arial', fontFiles=[], height=0.1, italic=False, name='R_condition', opacity=1.0, ori=0, pos=array([ 0.25,  0.32]), rgb=array([ 255.,  255.,  255.]), text=u'default text', units=u'norm', win=Window(...), wrapWidth=1)
42.9780 	EXP 	Created fixationITIcross = TextStim(alignHoriz='center', alignVert='center', antialias=True, autoLog=True, bold=False, color='white', colorSpace='named', contrast=1.0, depth=-12.0, flipHoriz=False, flipVert=False, font='Arial', fontFiles=[], height=0.15, italic=False, name='fixationITIcross', opacity=1.0, ori=0, pos=array([ 0.,  0.]), rgb=array([ 255.,  255.,  255.]), text=u'+', units=u'norm', win=Window(...), wrapWidth=1)
42.9810 	EXP 	Created fixationCross1 = TextStim(alignHoriz='center', alignVert='center', antialias=True, autoLog=True, bold=False, color='white', colorSpace='named', contrast=1.0, depth=0.0, flipHoriz=False, flipVert=False, font='Arial', fontFiles=[], height=0.15, italic=False, name='fixationCross1', opacity=1.0, ori=0, pos=array([ 0.,  0.]), rgb=array([ 255.,  255.,  255.]), text=u'+', units=u'norm', win=Window(...), wrapWidth=1)
43.0047 	EXP 	instrText: autoDraw = True
55.5799 	DATA 	Keypress: 1
57.5260 	DATA 	Keypress: space
57.5292 	EXP 	Imported csv/uepP001_1.csv as conditions, 4 conditions, 1 params
57.5297 	EXP 	Created sequence: sequential, trialTypes=4, nReps=1, seed=None
57.5304 	EXP 	New trial (rep=0, index=0): {'runFilename': u'csv/uepP001_run1.csv'}
57.5396 	EXP 	instrText: autoDraw = False
57.5396 	EXP 	runInstr: autoDraw = True
59.6936 	DATA 	Keypress: space
60.7075 	EXP 	runInstr: autoDraw = False
60.7075 	EXP 	fixationCross1: autoDraw = True
70.6937 	EXP 	Imported csv/uepP001_run1.csv as conditions, 4 conditions, 1 params
70.6942 	EXP 	Created sequence: sequential, trialTypes=4, nReps=1, seed=None
70.6947 	EXP 	New trial (rep=0, index=0): {'blockFilename': u'csv/uepP001_run1_block1.csv'}
70.7079 	EXP 	fixationCross1: autoDraw = False
70.7079 	EXP 	fixationCross1: autoDraw = False
70.7079 	EXP 	text: autoDraw = True
73.7083 	EXP 	text: autoDraw = False
73.7083 	EXP 	text: autoDraw = False
73.7083 	EXP 	ibifixationCross: autoDraw = True
76.7162 	EXP 	Imported csv/uepP001_run1_block1.csv as conditions, 10 conditions, 19 params
76.7165 	EXP 	Created sequence: sequential, trialTypes=10, nReps=1, seed=None
76.7171 	EXP 	New trial (rep=0, index=0): {'blockId': 1, 'sd1': 0, 'sd2': 4.0, 'stimOnset': 16.0, 'choiceDuration': 2, 'leftColor': 3, 'itiDuration': 6.3499571267874, 'mu1': 0.0, 'leftAnswer': 0.0, 'trialId': 1, 'condition': u'SR', 'itiOffset': 28.578358538867132, 'mu2': 0.0, 'rightColor': 1, 'subjectId': u'uepP001', 'feedbackDuration': 1, 'runId': 1, 'isiDuration': 3.2284014120797262, 'rightAnswer': 1.0}
76.7426 	EXP 	ibifixationCross: autoDraw = False
76.7426 	EXP 	ibifixationCross: autoDraw = False
76.7426 	EXP 	leftHighlight: opacity = 0.0
76.7426 	EXP 	rightHighlight: opacity = 0.0
76.7426 	EXP 	leftAnswerText: opacity = 0.0
76.7426 	EXP 	rightAnswerText: opacity = 0.0
76.7426 	EXP 	leftAnswerText: text = '0'
76.7426 	EXP 	rightAnswerText: text = '1'
76.7426 	EXP 	fixationITIcross: color = 'white (named)'
76.7426 	EXP 	leftBox: fillColor = (0.33999999999999997, 0.86, 0.50120000000000009)
76.7426 	EXP 	rightBox: fillColor = (0.86, 0.7612000000000001, 0.33999999999999997)
76.7426 	EXP 	L_condition: text = u'S'
76.7426 	EXP 	R_condition: text = u'R'
76.7426 	EXP 	rightBox: autoDraw = True
76.7426 	EXP 	leftBox: autoDraw = True
76.7426 	EXP 	leftHighlight: autoDraw = True
76.7426 	EXP 	rightHighlight: autoDraw = True
76.7426 	EXP 	L_condition: autoDraw = True
76.7426 	EXP 	R_condition: autoDraw = True
78.4973 	DATA 	Keypress: 1
78.5211 	EXP 	window1: recordFrameIntervals = False
78.5437 	EXP 	leftHighlight: opacity = 1
78.5437 	EXP 	leftAnswerText: text = u'0'
78.5437 	EXP 	rightAnswerText: text = u'1'
78.5439 	EXP 	window1: recordFrameIntervals = False
81.7943 	EXP 	leftAnswerText: opacity = 1
81.7943 	EXP 	leftAnswerText: text = u'0'
81.7943 	EXP 	rightAnswerText: text = u'1'
81.7943 	EXP 	leftAnswerText: autoDraw = True
81.7943 	EXP 	rightAnswerText: autoDraw = True
82.7111 	EXP 	rightBox: autoDraw = False
82.7111 	EXP 	leftBox: autoDraw = False
82.7111 	EXP 	leftHighlight: autoDraw = False
82.7111 	EXP 	rightHighlight: autoDraw = False
82.7111 	EXP 	leftAnswerText: autoDraw = False
82.7111 	EXP 	rightAnswerText: autoDraw = False
82.7111 	EXP 	L_condition: autoDraw = False
82.7111 	EXP 	R_condition: autoDraw = False
82.7114 	EXP 	window1: recordFrameIntervals = False
82.7277 	EXP 	fixationITIcross: autoDraw = True
82.7278 	EXP 	window1: recordFrameIntervals = False
88.2652 	EXP 	New trial (rep=0, index=1): {'blockId': 1, 'sd1': 0, 'sd2': 4.0, 'stimOnset': 28.578358538867132, 'choiceDuration': 2, 'leftColor': 3, 'itiDuration': 4.7279289616417843, 'mu1': 0.0, 'leftAnswer': 0.0, 'trialId': 2, 'condition': u'SR', 'itiOffset': 38.096514880167774, 'mu2': 0.0, 'rightColor': 1, 'subjectId': u'uepP001', 'feedbackDuration': 1, 'runId': 1, 'isiDuration': 1.7902273796588657, 'rightAnswer': 6.0}
88.2951 	EXP 	fixationITIcross: autoDraw = False
88.2951 	EXP 	rightBox: autoDraw = False
88.2951 	EXP 	leftBox: autoDraw = False
88.2951 	EXP 	leftHighlight: autoDraw = False
88.2951 	EXP 	rightHighlight: autoDraw = False
88.2951 	EXP 	leftAnswerText: autoDraw = False
88.2951 	EXP 	rightAnswerText: autoDraw = False
88.2951 	EXP 	L_condition: autoDraw = False
88.2951 	EXP 	R_condition: autoDraw = False
88.2951 	EXP 	fixationITIcross: autoDraw = False
88.2951 	EXP 	leftHighlight: opacity = 0.0
88.2951 	EXP 	rightHighlight: opacity = 0.0
88.2951 	EXP 	leftAnswerText: opacity = 0.0
88.2951 	EXP 	rightAnswerText: opacity = 0.0
88.2951 	EXP 	leftAnswerText: text = '0'
88.2951 	EXP 	rightAnswerText: text = '6'
88.2951 	EXP 	fixationITIcross: color = 'white (named)'
88.2951 	EXP 	leftBox: fillColor = (0.33999999999999997, 0.86, 0.50120000000000009)
88.2951 	EXP 	rightBox: fillColor = (0.86, 0.7612000000000001, 0.33999999999999997)
88.2951 	EXP 	L_condition: text = u'S'
88.2951 	EXP 	R_condition: text = u'R'
88.2951 	EXP 	rightBox: autoDraw = True
88.2951 	EXP 	leftBox: autoDraw = True
88.2951 	EXP 	leftHighlight: autoDraw = True
88.2951 	EXP 	rightHighlight: autoDraw = True
88.2951 	EXP 	L_condition: autoDraw = True
88.2951 	EXP 	R_condition: autoDraw = True
88.9652 	DATA 	Keypress: 2
88.9883 	EXP 	window1: recordFrameIntervals = False
89.0119 	EXP 	rightHighlight: opacity = 1
89.0119 	EXP 	leftAnswerText: text = u'0'
89.0119 	EXP 	rightAnswerText: text = u'6'
89.0121 	EXP 	window1: recordFrameIntervals = False
90.8289 	EXP 	rightAnswerText: opacity = 1
90.8289 	EXP 	leftAnswerText: text = u'0'
90.8289 	EXP 	rightAnswerText: text = u'6'
90.8289 	EXP 	leftAnswerText: autoDraw = True
90.8289 	EXP 	rightAnswerText: autoDraw = True
91.7292 	EXP 	window1: recordFrameIntervals = False
91.7457 	EXP 	rightBox: autoDraw = False
91.7457 	EXP 	leftBox: autoDraw = False
91.7457 	EXP 	leftHighlight: autoDraw = False
91.7457 	EXP 	rightHighlight: autoDraw = False
91.7457 	EXP 	leftAnswerText: autoDraw = False
91.7457 	EXP 	rightAnswerText: autoDraw = False
91.7457 	EXP 	L_condition: autoDraw = False
91.7457 	EXP 	R_condition: autoDraw = False
91.7457 	EXP 	fixationITIcross: autoDraw = True
91.7460 	EXP 	window1: recordFrameIntervals = False
97.7664 	EXP 	New trial (rep=0, index=2): {'blockId': 1, 'sd1': 0, 'sd2': 4.0, 'stimOnset': 38.096514880167774, 'choiceDuration': 2, 'leftColor': 3, 'itiDuration': 3.7196115163994943, 'mu1': 0.0, 'leftAnswer': 0.0, 'trialId': 3, 'condition': u'SR', 'itiOffset': 49.17870272335206, 'mu2': 0.0, 'rightColor': 1, 'subjectId': u'uepP001', 'feedbackDuration': 1, 'runId': 1, 'isiDuration': 4.3625763267847875, 'rightAnswer': -6.0}
97.7963 	EXP 	fixationITIcross: autoDraw = False
97.7963 	EXP 	rightBox: autoDraw = False
97.7963 	EXP 	leftBox: autoDraw = False
97.7963 	EXP 	leftHighlight: autoDraw = False
97.7963 	EXP 	rightHighlight: autoDraw = False
97.7963 	EXP 	leftAnswerText: autoDraw = False
97.7963 	EXP 	rightAnswerText: autoDraw = False
97.7963 	EXP 	L_condition: autoDraw = False
97.7963 	EXP 	R_condition: autoDraw = False
97.7963 	EXP 	fixationITIcross: autoDraw = False
97.7963 	EXP 	leftHighlight: opacity = 0.0
97.7963 	EXP 	rightHighlight: opacity = 0.0
97.7963 	EXP 	leftAnswerText: opacity = 0.0
97.7963 	EXP 	rightAnswerText: opacity = 0.0
97.7963 	EXP 	leftAnswerText: text = '0'
97.7963 	EXP 	rightAnswerText: text = '-6'
97.7963 	EXP 	fixationITIcross: color = 'white (named)'
97.7963 	EXP 	leftBox: fillColor = (0.33999999999999997, 0.86, 0.50120000000000009)
97.7963 	EXP 	rightBox: fillColor = (0.86, 0.7612000000000001, 0.33999999999999997)
97.7963 	EXP 	L_condition: text = u'S'
97.7963 	EXP 	R_condition: text = u'R'
97.7963 	EXP 	rightBox: autoDraw = True
97.7963 	EXP 	leftBox: autoDraw = True
97.7963 	EXP 	leftHighlight: autoDraw = True
97.7963 	EXP 	rightHighlight: autoDraw = True
97.7963 	EXP 	L_condition: autoDraw = True
97.7963 	EXP 	R_condition: autoDraw = True
98.4502 	DATA 	Keypress: 2
98.4735 	EXP 	window1: recordFrameIntervals = False
98.4965 	EXP 	rightHighlight: opacity = 1
98.4965 	EXP 	leftAnswerText: text = u'0'
98.4965 	EXP 	rightAnswerText: text = u'-6'
98.4966 	EXP 	window1: recordFrameIntervals = False
102.8806 	EXP 	rightAnswerText: opacity = 1
102.8806 	EXP 	leftAnswerText: text = u'0'
102.8806 	EXP 	rightAnswerText: text = u'-6'
102.8806 	EXP 	leftAnswerText: autoDraw = True
102.8806 	EXP 	rightAnswerText: autoDraw = True
103.7975 	EXP 	rightBox: autoDraw = False
103.7975 	EXP 	leftBox: autoDraw = False
103.7975 	EXP 	leftHighlight: autoDraw = False
103.7975 	EXP 	rightHighlight: autoDraw = False
103.7975 	EXP 	leftAnswerText: autoDraw = False
103.7975 	EXP 	rightAnswerText: autoDraw = False
103.7975 	EXP 	L_condition: autoDraw = False
103.7975 	EXP 	R_condition: autoDraw = False
103.7977 	EXP 	window1: recordFrameIntervals = False
103.8140 	EXP 	fixationITIcross: autoDraw = True
103.8141 	EXP 	window1: recordFrameIntervals = False
108.8680 	EXP 	New trial (rep=0, index=3): {'blockId': 1, 'sd1': 0, 'sd2': 4.0, 'stimOnset': 49.17870272335206, 'choiceDuration': 2, 'leftColor': 3, 'itiDuration': 3.2478445932064157, 'mu1': 0.0, 'leftAnswer': 0.0, 'trialId': 4, 'condition': u'SR', 'itiOffset': 58.361453665224012, 'mu2': 0.0, 'rightColor': 1, 'subjectId': u'uepP001', 'feedbackDuration': 1, 'runId': 1, 'isiDuration': 2.9349063486655256, 'rightAnswer': 1.0}
108.8980 	EXP 	fixationITIcross: autoDraw = False
108.8980 	EXP 	rightBox: autoDraw = False
108.8980 	EXP 	leftBox: autoDraw = False
108.8980 	EXP 	leftHighlight: autoDraw = False
108.8980 	EXP 	rightHighlight: autoDraw = False
108.8980 	EXP 	leftAnswerText: autoDraw = False
108.8980 	EXP 	rightAnswerText: autoDraw = False
108.8980 	EXP 	L_condition: autoDraw = False
108.8980 	EXP 	R_condition: autoDraw = False
108.8980 	EXP 	fixationITIcross: autoDraw = False
108.8980 	EXP 	leftHighlight: opacity = 0.0
108.8980 	EXP 	rightHighlight: opacity = 0.0
108.8980 	EXP 	leftAnswerText: opacity = 0.0
108.8980 	EXP 	rightAnswerText: opacity = 0.0
108.8980 	EXP 	leftAnswerText: text = '0'
108.8980 	EXP 	rightAnswerText: text = '1'
108.8980 	EXP 	fixationITIcross: color = 'white (named)'
108.8980 	EXP 	leftBox: fillColor = (0.33999999999999997, 0.86, 0.50120000000000009)
108.8980 	EXP 	rightBox: fillColor = (0.86, 0.7612000000000001, 0.33999999999999997)
108.8980 	EXP 	L_condition: text = u'S'
108.8980 	EXP 	R_condition: text = u'R'
108.8980 	EXP 	rightBox: autoDraw = True
108.8980 	EXP 	leftBox: autoDraw = True
108.8980 	EXP 	leftHighlight: autoDraw = True
108.8980 	EXP 	rightHighlight: autoDraw = True
108.8980 	EXP 	L_condition: autoDraw = True
108.8980 	EXP 	R_condition: autoDraw = True
109.3349 	DATA 	Keypress: 2
109.3584 	EXP 	window1: recordFrameIntervals = False
109.3814 	EXP 	rightHighlight: opacity = 1
109.3814 	EXP 	leftAnswerText: text = u'0'
109.3814 	EXP 	rightAnswerText: text = u'1'
109.3815 	EXP 	window1: recordFrameIntervals = False
112.3486 	EXP 	rightAnswerText: opacity = 1
112.3486 	EXP 	leftAnswerText: text = u'0'
112.3486 	EXP 	rightAnswerText: text = u'1'
112.3486 	EXP 	leftAnswerText: autoDraw = True
112.3486 	EXP 	rightAnswerText: autoDraw = True
113.2486 	EXP 	rightBox: autoDraw = False
113.2486 	EXP 	leftBox: autoDraw = False
113.2486 	EXP 	leftHighlight: autoDraw = False
113.2486 	EXP 	rightHighlight: autoDraw = False
113.2486 	EXP 	leftAnswerText: autoDraw = False
113.2486 	EXP 	rightAnswerText: autoDraw = False
113.2486 	EXP 	L_condition: autoDraw = False
113.2486 	EXP 	R_condition: autoDraw = False
113.2489 	EXP 	window1: recordFrameIntervals = False
113.2654 	EXP 	fixationITIcross: autoDraw = True
113.2655 	EXP 	window1: recordFrameIntervals = False
118.0356 	EXP 	New trial (rep=0, index=4): {'blockId': 1, 'sd1': 0, 'sd2': 4.0, 'stimOnset': 58.361453665224012, 'choiceDuration': 2, 'leftColor': 3, 'itiDuration': 3.9215778092262696, 'mu1': 0.0, 'leftAnswer': 0.0, 'trialId': 5, 'condition': u'SR', 'itiOffset': 68.851292477681568, 'mu2': 0.0, 'rightColor': 1, 'subjectId': u'uepP001', 'feedbackDuration': 1, 'runId': 1, 'isiDuration': 3.5682610032313016, 'rightAnswer': 2.0}
118.0661 	EXP 	fixationITIcross: autoDraw = False
118.0661 	EXP 	rightBox: autoDraw = False
118.0661 	EXP 	leftBox: autoDraw = False
118.0661 	EXP 	leftHighlight: autoDraw = False
118.0661 	EXP 	rightHighlight: autoDraw = False
118.0661 	EXP 	leftAnswerText: autoDraw = False
118.0661 	EXP 	rightAnswerText: autoDraw = False
118.0661 	EXP 	L_condition: autoDraw = False
118.0661 	EXP 	R_condition: autoDraw = False
118.0661 	EXP 	fixationITIcross: autoDraw = False
118.0661 	EXP 	leftHighlight: opacity = 0.0
118.0661 	EXP 	rightHighlight: opacity = 0.0
118.0661 	EXP 	leftAnswerText: opacity = 0.0
118.0661 	EXP 	rightAnswerText: opacity = 0.0
118.0661 	EXP 	leftAnswerText: text = '0'
118.0661 	EXP 	rightAnswerText: text = '2'
118.0661 	EXP 	fixationITIcross: color = 'white (named)'
118.0661 	EXP 	leftBox: fillColor = (0.33999999999999997, 0.86, 0.50120000000000009)
118.0661 	EXP 	rightBox: fillColor = (0.86, 0.7612000000000001, 0.33999999999999997)
118.0661 	EXP 	L_condition: text = u'S'
118.0661 	EXP 	R_condition: text = u'R'
118.0661 	EXP 	rightBox: autoDraw = True
118.0661 	EXP 	leftBox: autoDraw = True
118.0661 	EXP 	leftHighlight: autoDraw = True
118.0661 	EXP 	rightHighlight: autoDraw = True
118.0661 	EXP 	L_condition: autoDraw = True
118.0661 	EXP 	R_condition: autoDraw = True
118.4529 	DATA 	Keypress: 1
118.4775 	EXP 	window1: recordFrameIntervals = False
118.4994 	EXP 	leftHighlight: opacity = 1
118.4994 	EXP 	leftAnswerText: text = u'0'
118.4994 	EXP 	rightAnswerText: text = u'2'
118.4995 	EXP 	window1: recordFrameIntervals = False
122.0999 	EXP 	leftAnswerText: opacity = 1
122.0999 	EXP 	leftAnswerText: text = u'0'
122.0999 	EXP 	rightAnswerText: text = u'2'
122.0999 	EXP 	leftAnswerText: autoDraw = True
122.0999 	EXP 	rightAnswerText: autoDraw = True
123.0000 	EXP 	rightBox: autoDraw = False
123.0000 	EXP 	leftBox: autoDraw = False
123.0000 	EXP 	leftHighlight: autoDraw = False
123.0000 	EXP 	rightHighlight: autoDraw = False
123.0000 	EXP 	leftAnswerText: autoDraw = False
123.0000 	EXP 	rightAnswerText: autoDraw = False
123.0000 	EXP 	L_condition: autoDraw = False
123.0000 	EXP 	R_condition: autoDraw = False
123.0003 	EXP 	window1: recordFrameIntervals = False
123.0152 	EXP 	fixationITIcross: autoDraw = True
123.0154 	EXP 	window1: recordFrameIntervals = False
128.5374 	EXP 	New trial (rep=0, index=5): {'blockId': 1, 'sd1': 0, 'sd2': 4.0, 'stimOnset': 68.851292477681568, 'choiceDuration': 2, 'leftColor': 3, 'itiDuration': 4.6891416794892624, 'mu1': 0.0, 'leftAnswer': 0.0, 'trialId': 6, 'condition': u'SR', 'itiOffset': 79.877104717725118, 'mu2': 0.0, 'rightColor': 1, 'subjectId': u'uepP001', 'feedbackDuration': 1, 'runId': 1, 'isiDuration': 3.336670560554301, 'rightAnswer': 3.0}
128.5676 	EXP 	fixationITIcross: autoDraw = False
128.5676 	EXP 	rightBox: autoDraw = False
128.5676 	EXP 	leftBox: autoDraw = False
128.5676 	EXP 	leftHighlight: autoDraw = False
128.5676 	EXP 	rightHighlight: autoDraw = False
128.5676 	EXP 	leftAnswerText: autoDraw = False
128.5676 	EXP 	rightAnswerText: autoDraw = False
128.5676 	EXP 	L_condition: autoDraw = False
128.5676 	EXP 	R_condition: autoDraw = False
128.5676 	EXP 	fixationITIcross: autoDraw = False
128.5676 	EXP 	leftHighlight: opacity = 0.0
128.5676 	EXP 	rightHighlight: opacity = 0.0
128.5676 	EXP 	leftAnswerText: opacity = 0.0
128.5676 	EXP 	rightAnswerText: opacity = 0.0
128.5676 	EXP 	leftAnswerText: text = '0'
128.5676 	EXP 	rightAnswerText: text = '3'
128.5676 	EXP 	fixationITIcross: color = 'white (named)'
128.5676 	EXP 	leftBox: fillColor = (0.33999999999999997, 0.86, 0.50120000000000009)
128.5676 	EXP 	rightBox: fillColor = (0.86, 0.7612000000000001, 0.33999999999999997)
128.5676 	EXP 	L_condition: text = u'S'
128.5676 	EXP 	R_condition: text = u'R'
128.5676 	EXP 	rightBox: autoDraw = True
128.5676 	EXP 	leftBox: autoDraw = True
128.5676 	EXP 	leftHighlight: autoDraw = True
128.5676 	EXP 	rightHighlight: autoDraw = True
128.5676 	EXP 	L_condition: autoDraw = True
128.5676 	EXP 	R_condition: autoDraw = True
128.7875 	DATA 	Keypress: 2
128.8108 	EXP 	window1: recordFrameIntervals = False
128.8342 	EXP 	rightHighlight: opacity = 1
128.8342 	EXP 	leftAnswerText: text = u'0'
128.8342 	EXP 	rightAnswerText: text = u'3'
128.8343 	EXP 	window1: recordFrameIntervals = False
132.2013 	EXP 	rightAnswerText: opacity = 1
132.2013 	EXP 	leftAnswerText: text = u'0'
132.2013 	EXP 	rightAnswerText: text = u'3'
132.2013 	EXP 	leftAnswerText: autoDraw = True
132.2013 	EXP 	rightAnswerText: autoDraw = True
133.1014 	EXP 	rightBox: autoDraw = False
133.1014 	EXP 	leftBox: autoDraw = False
133.1014 	EXP 	leftHighlight: autoDraw = False
133.1014 	EXP 	rightHighlight: autoDraw = False
133.1014 	EXP 	leftAnswerText: autoDraw = False
133.1014 	EXP 	rightAnswerText: autoDraw = False
133.1014 	EXP 	L_condition: autoDraw = False
133.1014 	EXP 	R_condition: autoDraw = False
133.1017 	EXP 	window1: recordFrameIntervals = False
133.1182 	EXP 	fixationITIcross: autoDraw = True
133.1183 	EXP 	window1: recordFrameIntervals = False
139.5556 	EXP 	New trial (rep=0, index=6): {'blockId': 1, 'sd1': 0, 'sd2': 4.0, 'stimOnset': 79.877104717725118, 'choiceDuration': 2, 'leftColor': 3, 'itiDuration': 6.4085004326721249, 'mu1': 0.0, 'leftAnswer': 0.0, 'trialId': 7, 'condition': u'SR', 'itiOffset': 92.983689384635156, 'mu2': 0.0, 'rightColor': 1, 'subjectId': u'uepP001', 'feedbackDuration': 1, 'runId': 1, 'isiDuration': 3.6980842342379119, 'rightAnswer': 1.0}
139.5858 	EXP 	fixationITIcross: autoDraw = False
139.5858 	EXP 	rightBox: autoDraw = False
139.5858 	EXP 	leftBox: autoDraw = False
139.5858 	EXP 	leftHighlight: autoDraw = False
139.5858 	EXP 	rightHighlight: autoDraw = False
139.5858 	EXP 	leftAnswerText: autoDraw = False
139.5858 	EXP 	rightAnswerText: autoDraw = False
139.5858 	EXP 	L_condition: autoDraw = False
139.5858 	EXP 	R_condition: autoDraw = False
139.5858 	EXP 	fixationITIcross: autoDraw = False
139.5858 	EXP 	leftHighlight: opacity = 0.0
139.5858 	EXP 	rightHighlight: opacity = 0.0
139.5858 	EXP 	leftAnswerText: opacity = 0.0
139.5858 	EXP 	rightAnswerText: opacity = 0.0
139.5858 	EXP 	leftAnswerText: text = '0'
139.5858 	EXP 	rightAnswerText: text = '1'
139.5858 	EXP 	fixationITIcross: color = 'white (named)'
139.5858 	EXP 	leftBox: fillColor = (0.33999999999999997, 0.86, 0.50120000000000009)
139.5858 	EXP 	rightBox: fillColor = (0.86, 0.7612000000000001, 0.33999999999999997)
139.5858 	EXP 	L_condition: text = u'S'
139.5858 	EXP 	R_condition: text = u'R'
139.5858 	EXP 	rightBox: autoDraw = True
139.5858 	EXP 	leftBox: autoDraw = True
139.5858 	EXP 	leftHighlight: autoDraw = True
139.5858 	EXP 	rightHighlight: autoDraw = True
139.5858 	EXP 	L_condition: autoDraw = True
139.5858 	EXP 	R_condition: autoDraw = True
140.0393 	DATA 	Keypress: 1
140.0655 	EXP 	window1: recordFrameIntervals = False
140.0857 	EXP 	leftHighlight: opacity = 1
140.0857 	EXP 	leftAnswerText: text = u'0'
140.0857 	EXP 	rightAnswerText: text = u'1'
140.0859 	EXP 	window1: recordFrameIntervals = False
143.8196 	EXP 	leftAnswerText: opacity = 1
143.8196 	EXP 	leftAnswerText: text = u'0'
143.8196 	EXP 	rightAnswerText: text = u'1'
143.8196 	EXP 	leftAnswerText: autoDraw = True
143.8196 	EXP 	rightAnswerText: autoDraw = True
144.7194 	EXP 	rightBox: autoDraw = False
144.7194 	EXP 	leftBox: autoDraw = False
144.7194 	EXP 	leftHighlight: autoDraw = False
144.7194 	EXP 	rightHighlight: autoDraw = False
144.7194 	EXP 	leftAnswerText: autoDraw = False
144.7194 	EXP 	rightAnswerText: autoDraw = False
144.7194 	EXP 	L_condition: autoDraw = False
144.7194 	EXP 	R_condition: autoDraw = False
144.7197 	EXP 	window1: recordFrameIntervals = False
144.7365 	EXP 	fixationITIcross: autoDraw = True
144.7366 	EXP 	window1: recordFrameIntervals = False
152.6741 	EXP 	New trial (rep=0, index=7): {'blockId': 1, 'sd1': 0, 'sd2': 4.0, 'stimOnset': 92.983689384635156, 'choiceDuration': 2, 'leftColor': 3, 'itiDuration': 3.4669410748389708, 'mu1': 0.0, 'leftAnswer': 0.0, 'trialId': 8, 'condition': u'SR', 'itiOffset': 101.52167976663374, 'mu2': 0.0, 'rightColor': 1, 'subjectId': u'uepP001', 'feedbackDuration': 1, 'runId': 1, 'isiDuration': 2.0710493071595941, 'rightAnswer': -1.0}
152.7043 	EXP 	fixationITIcross: autoDraw = False
152.7043 	EXP 	rightBox: autoDraw = False
152.7043 	EXP 	leftBox: autoDraw = False
152.7043 	EXP 	leftHighlight: autoDraw = False
152.7043 	EXP 	rightHighlight: autoDraw = False
152.7043 	EXP 	leftAnswerText: autoDraw = False
152.7043 	EXP 	rightAnswerText: autoDraw = False
152.7043 	EXP 	L_condition: autoDraw = False
152.7043 	EXP 	R_condition: autoDraw = False
152.7043 	EXP 	fixationITIcross: autoDraw = False
152.7043 	EXP 	leftHighlight: opacity = 0.0
152.7043 	EXP 	rightHighlight: opacity = 0.0
152.7043 	EXP 	leftAnswerText: opacity = 0.0
152.7043 	EXP 	rightAnswerText: opacity = 0.0
152.7043 	EXP 	leftAnswerText: text = '0'
152.7043 	EXP 	rightAnswerText: text = '-1'
152.7043 	EXP 	fixationITIcross: color = 'white (named)'
152.7043 	EXP 	leftBox: fillColor = (0.33999999999999997, 0.86, 0.50120000000000009)
152.7043 	EXP 	rightBox: fillColor = (0.86, 0.7612000000000001, 0.33999999999999997)
152.7043 	EXP 	L_condition: text = u'S'
152.7043 	EXP 	R_condition: text = u'R'
152.7043 	EXP 	rightBox: autoDraw = True
152.7043 	EXP 	leftBox: autoDraw = True
152.7043 	EXP 	leftHighlight: autoDraw = True
152.7043 	EXP 	rightHighlight: autoDraw = True
152.7043 	EXP 	L_condition: autoDraw = True
152.7043 	EXP 	R_condition: autoDraw = True
153.0079 	DATA 	Keypress: 2
153.0314 	EXP 	window1: recordFrameIntervals = False
153.0541 	EXP 	rightHighlight: opacity = 1
153.0541 	EXP 	leftAnswerText: text = u'0'
153.0541 	EXP 	rightAnswerText: text = u'-1'
153.0543 	EXP 	window1: recordFrameIntervals = False
155.1547 	EXP 	rightAnswerText: opacity = 1
155.1547 	EXP 	leftAnswerText: text = u'0'
155.1547 	EXP 	rightAnswerText: text = u'-1'
155.1547 	EXP 	leftAnswerText: autoDraw = True
155.1547 	EXP 	rightAnswerText: autoDraw = True
156.0547 	EXP 	rightBox: autoDraw = False
156.0547 	EXP 	leftBox: autoDraw = False
156.0547 	EXP 	leftHighlight: autoDraw = False
156.0547 	EXP 	rightHighlight: autoDraw = False
156.0547 	EXP 	leftAnswerText: autoDraw = False
156.0547 	EXP 	rightAnswerText: autoDraw = False
156.0547 	EXP 	L_condition: autoDraw = False
156.0547 	EXP 	R_condition: autoDraw = False
156.0550 	EXP 	window1: recordFrameIntervals = False
156.0713 	EXP 	fixationITIcross: autoDraw = True
156.0714 	EXP 	window1: recordFrameIntervals = False
161.1914 	EXP 	New trial (rep=0, index=8): {'blockId': 1, 'sd1': 0, 'sd2': 4.0, 'stimOnset': 101.52167976663374, 'choiceDuration': 2, 'leftColor': 3, 'itiDuration': 4.2277806515316723, 'mu1': 0.0, 'leftAnswer': 0.0, 'trialId': 9, 'condition': u'SR', 'itiOffset': 110.53871599320412, 'mu2': 0.0, 'rightColor': 1, 'subjectId': u'uepP001', 'feedbackDuration': 1, 'runId': 1, 'isiDuration': 1.7892555750387082, 'rightAnswer': -4.0}
161.2221 	EXP 	fixationITIcross: autoDraw = False
161.2221 	EXP 	rightBox: autoDraw = False
161.2221 	EXP 	leftBox: autoDraw = False
161.2221 	EXP 	leftHighlight: autoDraw = False
161.2221 	EXP 	rightHighlight: autoDraw = False
161.2221 	EXP 	leftAnswerText: autoDraw = False
161.2221 	EXP 	rightAnswerText: autoDraw = False
161.2221 	EXP 	L_condition: autoDraw = False
161.2221 	EXP 	R_condition: autoDraw = False
161.2221 	EXP 	fixationITIcross: autoDraw = False
161.2221 	EXP 	leftHighlight: opacity = 0.0
161.2221 	EXP 	rightHighlight: opacity = 0.0
161.2221 	EXP 	leftAnswerText: opacity = 0.0
161.2221 	EXP 	rightAnswerText: opacity = 0.0
161.2221 	EXP 	leftAnswerText: text = '0'
161.2221 	EXP 	rightAnswerText: text = '-4'
161.2221 	EXP 	fixationITIcross: color = 'white (named)'
161.2221 	EXP 	leftBox: fillColor = (0.33999999999999997, 0.86, 0.50120000000000009)
161.2221 	EXP 	rightBox: fillColor = (0.86, 0.7612000000000001, 0.33999999999999997)
161.2221 	EXP 	L_condition: text = u'S'
161.2221 	EXP 	R_condition: text = u'R'
161.2221 	EXP 	rightBox: autoDraw = True
161.2221 	EXP 	leftBox: autoDraw = True
161.2221 	EXP 	leftHighlight: autoDraw = True
161.2221 	EXP 	rightHighlight: autoDraw = True
161.2221 	EXP 	L_condition: autoDraw = True
161.2221 	EXP 	R_condition: autoDraw = True
161.5095 	DATA 	Keypress: 2
161.5323 	EXP 	window1: recordFrameIntervals = False
161.5555 	EXP 	rightHighlight: opacity = 1
161.5555 	EXP 	leftAnswerText: text = u'0'
161.5555 	EXP 	rightAnswerText: text = u'-4'
161.5556 	EXP 	window1: recordFrameIntervals = False
163.3725 	EXP 	rightAnswerText: opacity = 1
163.3725 	EXP 	leftAnswerText: text = u'0'
163.3725 	EXP 	rightAnswerText: text = u'-4'
163.3725 	EXP 	leftAnswerText: autoDraw = True
163.3725 	EXP 	rightAnswerText: autoDraw = True
164.2728 	EXP 	window1: recordFrameIntervals = False
164.2891 	EXP 	rightBox: autoDraw = False
164.2891 	EXP 	leftBox: autoDraw = False
164.2891 	EXP 	leftHighlight: autoDraw = False
164.2891 	EXP 	rightHighlight: autoDraw = False
164.2891 	EXP 	leftAnswerText: autoDraw = False
164.2891 	EXP 	rightAnswerText: autoDraw = False
164.2891 	EXP 	L_condition: autoDraw = False
164.2891 	EXP 	R_condition: autoDraw = False
164.2891 	EXP 	fixationITIcross: autoDraw = True
164.2893 	EXP 	window1: recordFrameIntervals = False
170.2092 	EXP 	New trial (rep=0, index=9): {'blockId': 1, 'sd1': 0, 'sd2': 4.0, 'stimOnset': 110.53871599320412, 'choiceDuration': 2, 'leftColor': 3, 'itiDuration': 3.7555594073659497, 'mu1': 0.0, 'leftAnswer': 0.0, 'trialId': 10, 'condition': u'SR', 'itiOffset': 121.45603951608904, 'mu2': 0.0, 'rightColor': 1, 'subjectId': u'uepP001', 'feedbackDuration': 1, 'runId': 1, 'isiDuration': 4.1617641155189684, 'rightAnswer': 0.0}
170.2400 	EXP 	fixationITIcross: autoDraw = False
170.2400 	EXP 	rightBox: autoDraw = False
170.2400 	EXP 	leftBox: autoDraw = False
170.2400 	EXP 	leftHighlight: autoDraw = False
170.2400 	EXP 	rightHighlight: autoDraw = False
170.2400 	EXP 	leftAnswerText: autoDraw = False
170.2400 	EXP 	rightAnswerText: autoDraw = False
170.2400 	EXP 	L_condition: autoDraw = False
170.2400 	EXP 	R_condition: autoDraw = False
170.2400 	EXP 	fixationITIcross: autoDraw = False
170.2400 	EXP 	leftHighlight: opacity = 0.0
170.2400 	EXP 	rightHighlight: opacity = 0.0
170.2400 	EXP 	leftAnswerText: opacity = 0.0
170.2400 	EXP 	rightAnswerText: opacity = 0.0
170.2400 	EXP 	leftAnswerText: text = '0'
170.2400 	EXP 	rightAnswerText: text = '0'
170.2400 	EXP 	fixationITIcross: color = 'white (named)'
170.2400 	EXP 	leftBox: fillColor = (0.33999999999999997, 0.86, 0.50120000000000009)
170.2400 	EXP 	rightBox: fillColor = (0.86, 0.7612000000000001, 0.33999999999999997)
170.2400 	EXP 	L_condition: text = u'S'
170.2400 	EXP 	R_condition: text = u'R'
170.2400 	EXP 	rightBox: autoDraw = True
170.2400 	EXP 	leftBox: autoDraw = True
170.2400 	EXP 	leftHighlight: autoDraw = True
170.2400 	EXP 	rightHighlight: autoDraw = True
170.2400 	EXP 	L_condition: autoDraw = True
170.2400 	EXP 	R_condition: autoDraw = True
170.5270 	DATA 	Keypress: 2
170.5499 	EXP 	window1: recordFrameIntervals = False
170.5734 	EXP 	rightHighlight: opacity = 1
170.5734 	EXP 	leftAnswerText: text = u'0'
170.5734 	EXP 	rightAnswerText: text = u'0'
170.5736 	EXP 	window1: recordFrameIntervals = False
174.7574 	EXP 	rightAnswerText: opacity = 1
174.7574 	EXP 	leftAnswerText: text = u'0'
174.7574 	EXP 	rightAnswerText: text = u'0'
174.7574 	EXP 	leftAnswerText: autoDraw = True
174.7574 	EXP 	rightAnswerText: autoDraw = True
175.6740 	EXP 	rightBox: autoDraw = False
175.6740 	EXP 	leftBox: autoDraw = False
175.6740 	EXP 	leftHighlight: autoDraw = False
175.6740 	EXP 	rightHighlight: autoDraw = False
175.6740 	EXP 	leftAnswerText: autoDraw = False
175.6740 	EXP 	rightAnswerText: autoDraw = False
175.6740 	EXP 	L_condition: autoDraw = False
175.6740 	EXP 	R_condition: autoDraw = False
175.6743 	EXP 	window1: recordFrameIntervals = False
175.6909 	EXP 	fixationITIcross: autoDraw = True
175.6910 	EXP 	window1: recordFrameIntervals = False
181.1440 	EXP 	New trial (rep=0, index=1): {'blockFilename': u'csv/uepP001_run1_block2.csv'}
181.1583 	EXP 	fixationITIcross: autoDraw = False
181.1583 	EXP 	rightBox: autoDraw = False
181.1583 	EXP 	leftBox: autoDraw = False
181.1583 	EXP 	leftHighlight: autoDraw = False
181.1583 	EXP 	rightHighlight: autoDraw = False
181.1583 	EXP 	leftAnswerText: autoDraw = False
181.1583 	EXP 	rightAnswerText: autoDraw = False
181.1583 	EXP 	L_condition: autoDraw = False
181.1583 	EXP 	R_condition: autoDraw = False
181.1583 	EXP 	fixationITIcross: autoDraw = False
181.1583 	EXP 	text: autoDraw = True
184.1572 	EXP 	text: autoDraw = False
184.1572 	EXP 	text: autoDraw = False
184.1572 	EXP 	ibifixationCross: autoDraw = True
187.1667 	EXP 	Imported csv/uepP001_run1_block2.csv as conditions, 10 conditions, 19 params
187.1670 	EXP 	Created sequence: sequential, trialTypes=10, nReps=1, seed=None
187.1676 	EXP 	New trial (rep=0, index=0): {'blockId': 2, 'sd1': 4.0, 'sd2': 4.0, 'stimOnset': 127.45603951608904, 'choiceDuration': 2, 'leftColor': 2, 'itiDuration': 5.543133260980877, 'mu1': -1.0, 'leftAnswer': -0.0, 'trialId': 1, 'condition': u'RR', 'itiOffset': 140.19205738346753, 'mu2': -14.0, 'rightColor': 7, 'subjectId': u'uepP001', 'feedbackDuration': 1, 'runId': 1, 'isiDuration': 4.1928846063976044, 'rightAnswer': -18.0}
187.1912 	EXP 	ibifixationCross: autoDraw = False
187.1912 	EXP 	ibifixationCross: autoDraw = False
187.1912 	EXP 	leftHighlight: opacity = 0.0
187.1912 	EXP 	rightHighlight: opacity = 0.0
187.1912 	EXP 	leftAnswerText: opacity = 0.0
187.1912 	EXP 	rightAnswerText: opacity = 0.0
187.1912 	EXP 	leftAnswerText: text = '0'
187.1912 	EXP 	rightAnswerText: text = '-18'
187.1912 	EXP 	fixationITIcross: color = 'white (named)'
187.1912 	EXP 	leftBox: fillColor = (0.56880000000000008, 0.86, 0.33999999999999997)
187.1912 	EXP 	rightBox: fillColor = (0.86, 0.33999999999999997, 0.69879999999999964)
187.1912 	EXP 	L_condition: text = u'R'
187.1912 	EXP 	R_condition: text = u'R'
187.1912 	EXP 	rightBox: autoDraw = True
187.1912 	EXP 	leftBox: autoDraw = True
187.1912 	EXP 	leftHighlight: autoDraw = True
187.1912 	EXP 	rightHighlight: autoDraw = True
187.1912 	EXP 	L_condition: autoDraw = True
187.1912 	EXP 	R_condition: autoDraw = True
187.5320 	DATA 	Keypress: 2
187.5700 	EXP 	window1: recordFrameIntervals = False
187.5918 	EXP 	rightHighlight: opacity = 1
187.5918 	EXP 	leftAnswerText: text = u'0'
187.5918 	EXP 	rightAnswerText: text = u'-18'
187.5919 	EXP 	window1: recordFrameIntervals = False
191.8093 	EXP 	rightAnswerText: opacity = 1
191.8093 	EXP 	leftAnswerText: text = u'0'
191.8093 	EXP 	rightAnswerText: text = u'-18'
191.8093 	EXP 	leftAnswerText: autoDraw = True
191.8093 	EXP 	rightAnswerText: autoDraw = True
192.7266 	EXP 	rightBox: autoDraw = False
192.7266 	EXP 	leftBox: autoDraw = False
192.7266 	EXP 	leftHighlight: autoDraw = False
192.7266 	EXP 	rightHighlight: autoDraw = False
192.7266 	EXP 	leftAnswerText: autoDraw = False
192.7266 	EXP 	rightAnswerText: autoDraw = False
192.7266 	EXP 	L_condition: autoDraw = False
192.7266 	EXP 	R_condition: autoDraw = False
192.7269 	EXP 	window1: recordFrameIntervals = False
192.7427 	EXP 	fixationITIcross: autoDraw = True
192.7429 	EXP 	window1: recordFrameIntervals = False
199.8815 	EXP 	New trial (rep=0, index=1): {'blockId': 2, 'sd1': 4.0, 'sd2': 4.0, 'stimOnset': 140.19205738346753, 'choiceDuration': 2, 'leftColor': 2, 'itiDuration': 3.40387980079745, 'mu1': -1.0, 'leftAnswer': -3.0, 'trialId': 2, 'condition': u'RR', 'itiOffset': 148.69369577667706, 'mu2': -14.0, 'rightColor': 7, 'subjectId': u'uepP001', 'feedbackDuration': 1, 'runId': 1, 'isiDuration': 2.0977585924120659, 'rightAnswer': -17.0}
199.9109 	EXP 	fixationITIcross: autoDraw = False
199.9109 	EXP 	rightBox: autoDraw = False
199.9109 	EXP 	leftBox: autoDraw = False
199.9109 	EXP 	leftHighlight: autoDraw = False
199.9109 	EXP 	rightHighlight: autoDraw = False
199.9109 	EXP 	leftAnswerText: autoDraw = False
199.9109 	EXP 	rightAnswerText: autoDraw = False
199.9109 	EXP 	L_condition: autoDraw = False
199.9109 	EXP 	R_condition: autoDraw = False
199.9109 	EXP 	fixationITIcross: autoDraw = False
199.9109 	EXP 	leftHighlight: opacity = 0.0
199.9109 	EXP 	rightHighlight: opacity = 0.0
199.9109 	EXP 	leftAnswerText: opacity = 0.0
199.9109 	EXP 	rightAnswerText: opacity = 0.0
199.9109 	EXP 	leftAnswerText: text = '-3'
199.9109 	EXP 	rightAnswerText: text = '-17'
199.9109 	EXP 	fixationITIcross: color = 'white (named)'
199.9109 	EXP 	leftBox: fillColor = (0.56880000000000008, 0.86, 0.33999999999999997)
199.9109 	EXP 	rightBox: fillColor = (0.86, 0.33999999999999997, 0.69879999999999964)
199.9109 	EXP 	L_condition: text = u'R'
199.9109 	EXP 	R_condition: text = u'R'
199.9109 	EXP 	rightBox: autoDraw = True
199.9109 	EXP 	leftBox: autoDraw = True
199.9109 	EXP 	leftHighlight: autoDraw = True
199.9109 	EXP 	rightHighlight: autoDraw = True
199.9109 	EXP 	L_condition: autoDraw = True
199.9109 	EXP 	R_condition: autoDraw = True
200.2479 	DATA 	Keypress: 1
200.2730 	EXP 	window1: recordFrameIntervals = False
200.2939 	EXP 	leftHighlight: opacity = 1
200.2939 	EXP 	leftAnswerText: text = u'-3'
200.2939 	EXP 	rightAnswerText: text = u'-17'
200.2941 	EXP 	window1: recordFrameIntervals = False
202.4278 	EXP 	leftAnswerText: opacity = 1
202.4278 	EXP 	leftAnswerText: text = u'-3'
202.4278 	EXP 	rightAnswerText: text = u'-17'
202.4278 	EXP 	leftAnswerText: autoDraw = True
202.4278 	EXP 	rightAnswerText: autoDraw = True
203.3279 	EXP 	rightBox: autoDraw = False
203.3279 	EXP 	leftBox: autoDraw = False
203.3279 	EXP 	leftHighlight: autoDraw = False
203.3279 	EXP 	rightHighlight: autoDraw = False
203.3279 	EXP 	leftAnswerText: autoDraw = False
203.3279 	EXP 	rightAnswerText: autoDraw = False
203.3279 	EXP 	L_condition: autoDraw = False
203.3279 	EXP 	R_condition: autoDraw = False
203.3282 	EXP 	window1: recordFrameIntervals = False
203.3447 	EXP 	fixationITIcross: autoDraw = True
203.3448 	EXP 	window1: recordFrameIntervals = False
208.3812 	EXP 	New trial (rep=0, index=2): {'blockId': 2, 'sd1': 4.0, 'sd2': 4.0, 'stimOnset': 148.69369577667706, 'choiceDuration': 2, 'leftColor': 2, 'itiDuration': 3.8466914929384655, 'mu1': -1.0, 'leftAnswer': -2.0, 'trialId': 3, 'condition': u'RR', 'itiOffset': 159.66663274219093, 'mu2': -14.0, 'rightColor': 7, 'subjectId': u'uepP001', 'feedbackDuration': 1, 'runId': 1, 'isiDuration': 4.126245472575377, 'rightAnswer': -20.0}
208.4119 	EXP 	fixationITIcross: autoDraw = False
208.4119 	EXP 	rightBox: autoDraw = False
208.4119 	EXP 	leftBox: autoDraw = False
208.4119 	EXP 	leftHighlight: autoDraw = False
208.4119 	EXP 	rightHighlight: autoDraw = False
208.4119 	EXP 	leftAnswerText: autoDraw = False
208.4119 	EXP 	rightAnswerText: autoDraw = False
208.4119 	EXP 	L_condition: autoDraw = False
208.4119 	EXP 	R_condition: autoDraw = False
208.4119 	EXP 	fixationITIcross: autoDraw = False
208.4119 	EXP 	leftHighlight: opacity = 0.0
208.4119 	EXP 	rightHighlight: opacity = 0.0
208.4119 	EXP 	leftAnswerText: opacity = 0.0
208.4119 	EXP 	rightAnswerText: opacity = 0.0
208.4119 	EXP 	leftAnswerText: text = '-2'
208.4119 	EXP 	rightAnswerText: text = '-20'
208.4119 	EXP 	fixationITIcross: color = 'white (named)'
208.4119 	EXP 	leftBox: fillColor = (0.56880000000000008, 0.86, 0.33999999999999997)
208.4119 	EXP 	rightBox: fillColor = (0.86, 0.33999999999999997, 0.69879999999999964)
208.4119 	EXP 	L_condition: text = u'R'
208.4119 	EXP 	R_condition: text = u'R'
208.4119 	EXP 	rightBox: autoDraw = True
208.4119 	EXP 	leftBox: autoDraw = True
208.4119 	EXP 	leftHighlight: autoDraw = True
208.4119 	EXP 	rightHighlight: autoDraw = True
208.4119 	EXP 	L_condition: autoDraw = True
208.4119 	EXP 	R_condition: autoDraw = True
208.8488 	DATA 	Keypress: 2
208.8731 	EXP 	window1: recordFrameIntervals = False
208.8955 	EXP 	rightHighlight: opacity = 1
208.8955 	EXP 	leftAnswerText: text = u'-2'
208.8955 	EXP 	rightAnswerText: text = u'-20'
208.8957 	EXP 	window1: recordFrameIntervals = False
213.0294 	EXP 	rightAnswerText: opacity = 1
213.0294 	EXP 	leftAnswerText: text = u'-2'
213.0294 	EXP 	rightAnswerText: text = u'-20'
213.0294 	EXP 	leftAnswerText: autoDraw = True
213.0294 	EXP 	rightAnswerText: autoDraw = True
213.9629 	EXP 	rightBox: autoDraw = False
213.9629 	EXP 	leftBox: autoDraw = False
213.9629 	EXP 	leftHighlight: autoDraw = False
213.9629 	EXP 	rightHighlight: autoDraw = False
213.9629 	EXP 	leftAnswerText: autoDraw = False
213.9629 	EXP 	rightAnswerText: autoDraw = False
213.9629 	EXP 	L_condition: autoDraw = False
213.9629 	EXP 	R_condition: autoDraw = False
213.9632 	EXP 	window1: recordFrameIntervals = False
213.9794 	EXP 	fixationITIcross: autoDraw = True
213.9795 	EXP 	window1: recordFrameIntervals = False
219.3496 	EXP 	New trial (rep=0, index=3): {'blockId': 2, 'sd1': 4.0, 'sd2': 4.0, 'stimOnset': 159.66663274219093, 'choiceDuration': 2, 'leftColor': 2, 'itiDuration': 4.8425037441128946, 'mu1': -1.0, 'leftAnswer': 4.0, 'trialId': 4, 'condition': u'RR', 'itiOffset': 171.18124778337568, 'mu2': -14.0, 'rightColor': 7, 'subjectId': u'uepP001', 'feedbackDuration': 1, 'runId': 1, 'isiDuration': 3.6721112970718535, 'rightAnswer': -20.0}
219.3798 	EXP 	fixationITIcross: autoDraw = False
219.3798 	EXP 	rightBox: autoDraw = False
219.3798 	EXP 	leftBox: autoDraw = False
219.3798 	EXP 	leftHighlight: autoDraw = False
219.3798 	EXP 	rightHighlight: autoDraw = False
219.3798 	EXP 	leftAnswerText: autoDraw = False
219.3798 	EXP 	rightAnswerText: autoDraw = False
219.3798 	EXP 	L_condition: autoDraw = False
219.3798 	EXP 	R_condition: autoDraw = False
219.3798 	EXP 	fixationITIcross: autoDraw = False
219.3798 	EXP 	leftHighlight: opacity = 0.0
219.3798 	EXP 	rightHighlight: opacity = 0.0
219.3798 	EXP 	leftAnswerText: opacity = 0.0
219.3798 	EXP 	rightAnswerText: opacity = 0.0
219.3798 	EXP 	leftAnswerText: text = '4'
219.3798 	EXP 	rightAnswerText: text = '-20'
219.3798 	EXP 	fixationITIcross: color = 'white (named)'
219.3798 	EXP 	leftBox: fillColor = (0.56880000000000008, 0.86, 0.33999999999999997)
219.3798 	EXP 	rightBox: fillColor = (0.86, 0.33999999999999997, 0.69879999999999964)
219.3798 	EXP 	L_condition: text = u'R'
219.3798 	EXP 	R_condition: text = u'R'
219.3798 	EXP 	rightBox: autoDraw = True
219.3798 	EXP 	leftBox: autoDraw = True
219.3798 	EXP 	leftHighlight: autoDraw = True
219.3798 	EXP 	rightHighlight: autoDraw = True
219.3798 	EXP 	L_condition: autoDraw = True
219.3798 	EXP 	R_condition: autoDraw = True
219.7669 	DATA 	Keypress: 2
219.7910 	EXP 	window1: recordFrameIntervals = False
219.8138 	EXP 	rightHighlight: opacity = 1
219.8138 	EXP 	leftAnswerText: text = u'4'
219.8138 	EXP 	rightAnswerText: text = u'-20'
219.8139 	EXP 	window1: recordFrameIntervals = False
223.5143 	EXP 	rightAnswerText: opacity = 1
223.5143 	EXP 	leftAnswerText: text = u'4'
223.5143 	EXP 	rightAnswerText: text = u'-20'
223.5143 	EXP 	leftAnswerText: autoDraw = True
223.5143 	EXP 	rightAnswerText: autoDraw = True
224.4147 	EXP 	window1: recordFrameIntervals = False
224.4307 	EXP 	rightBox: autoDraw = False
224.4307 	EXP 	leftBox: autoDraw = False
224.4307 	EXP 	leftHighlight: autoDraw = False
224.4307 	EXP 	rightHighlight: autoDraw = False
224.4307 	EXP 	leftAnswerText: autoDraw = False
224.4307 	EXP 	rightAnswerText: autoDraw = False
224.4307 	EXP 	L_condition: autoDraw = False
224.4307 	EXP 	R_condition: autoDraw = False
224.4307 	EXP 	fixationITIcross: autoDraw = True
224.4309 	EXP 	window1: recordFrameIntervals = False
230.8512 	EXP 	New trial (rep=0, index=4): {'blockId': 2, 'sd1': 4.0, 'sd2': 4.0, 'stimOnset': 171.18124778337568, 'choiceDuration': 2, 'leftColor': 2, 'itiDuration': 3.8122809055974449, 'mu1': -1.0, 'leftAnswer': -1.0, 'trialId': 5, 'condition': u'RR', 'itiOffset': 181.18611014548856, 'mu2': -14.0, 'rightColor': 7, 'subjectId': u'uepP001', 'feedbackDuration': 1, 'runId': 1, 'isiDuration': 3.1925814565154247, 'rightAnswer': -14.0}
230.8815 	EXP 	fixationITIcross: autoDraw = False
230.8815 	EXP 	rightBox: autoDraw = False
230.8815 	EXP 	leftBox: autoDraw = False
230.8815 	EXP 	leftHighlight: autoDraw = False
230.8815 	EXP 	rightHighlight: autoDraw = False
230.8815 	EXP 	leftAnswerText: autoDraw = False
230.8815 	EXP 	rightAnswerText: autoDraw = False
230.8815 	EXP 	L_condition: autoDraw = False
230.8815 	EXP 	R_condition: autoDraw = False
230.8815 	EXP 	fixationITIcross: autoDraw = False
230.8815 	EXP 	leftHighlight: opacity = 0.0
230.8815 	EXP 	rightHighlight: opacity = 0.0
230.8815 	EXP 	leftAnswerText: opacity = 0.0
230.8815 	EXP 	rightAnswerText: opacity = 0.0
230.8815 	EXP 	leftAnswerText: text = '-1'
230.8815 	EXP 	rightAnswerText: text = '-14'
230.8815 	EXP 	fixationITIcross: color = 'white (named)'
230.8815 	EXP 	leftBox: fillColor = (0.56880000000000008, 0.86, 0.33999999999999997)
230.8815 	EXP 	rightBox: fillColor = (0.86, 0.33999999999999997, 0.69879999999999964)
230.8815 	EXP 	L_condition: text = u'R'
230.8815 	EXP 	R_condition: text = u'R'
230.8815 	EXP 	rightBox: autoDraw = True
230.8815 	EXP 	leftBox: autoDraw = True
230.8815 	EXP 	leftHighlight: autoDraw = True
230.8815 	EXP 	rightHighlight: autoDraw = True
230.8815 	EXP 	L_condition: autoDraw = True
230.8815 	EXP 	R_condition: autoDraw = True
231.2187 	DATA 	Keypress: 1
231.2426 	EXP 	window1: recordFrameIntervals = False
231.2651 	EXP 	leftHighlight: opacity = 1
231.2651 	EXP 	leftAnswerText: text = u'-1'
231.2651 	EXP 	rightAnswerText: text = u'-14'
231.2653 	EXP 	window1: recordFrameIntervals = False
234.4823 	EXP 	leftAnswerText: opacity = 1
234.4823 	EXP 	leftAnswerText: text = u'-1'
234.4823 	EXP 	rightAnswerText: text = u'-14'
234.4823 	EXP 	leftAnswerText: autoDraw = True
234.4823 	EXP 	rightAnswerText: autoDraw = True
235.3827 	EXP 	window1: recordFrameIntervals = False
235.3992 	EXP 	rightBox: autoDraw = False
235.3992 	EXP 	leftBox: autoDraw = False
235.3992 	EXP 	leftHighlight: autoDraw = False
235.3992 	EXP 	rightHighlight: autoDraw = False
235.3992 	EXP 	leftAnswerText: autoDraw = False
235.3992 	EXP 	rightAnswerText: autoDraw = False
235.3992 	EXP 	L_condition: autoDraw = False
235.3992 	EXP 	R_condition: autoDraw = False
235.3992 	EXP 	fixationITIcross: autoDraw = True
235.3994 	EXP 	window1: recordFrameIntervals = False
240.8525 	EXP 	New trial (rep=0, index=5): {'blockId': 2, 'sd1': 4.0, 'sd2': 4.0, 'stimOnset': 181.18611014548856, 'choiceDuration': 2, 'leftColor': 2, 'itiDuration': 6.0666895814317074, 'mu1': -1.0, 'leftAnswer': 3.0, 'trialId': 6, 'condition': u'RR', 'itiOffset': 193.5321849801883, 'mu2': -14.0, 'rightColor': 7, 'subjectId': u'uepP001', 'feedbackDuration': 1, 'runId': 1, 'isiDuration': 3.2793852532680057, 'rightAnswer': -6.0}
240.8834 	EXP 	fixationITIcross: autoDraw = False
240.8834 	EXP 	rightBox: autoDraw = False
240.8834 	EXP 	leftBox: autoDraw = False
240.8834 	EXP 	leftHighlight: autoDraw = False
240.8834 	EXP 	rightHighlight: autoDraw = False
240.8834 	EXP 	leftAnswerText: autoDraw = False
240.8834 	EXP 	rightAnswerText: autoDraw = False
240.8834 	EXP 	L_condition: autoDraw = False
240.8834 	EXP 	R_condition: autoDraw = False
240.8834 	EXP 	fixationITIcross: autoDraw = False
240.8834 	EXP 	leftHighlight: opacity = 0.0
240.8834 	EXP 	rightHighlight: opacity = 0.0
240.8834 	EXP 	leftAnswerText: opacity = 0.0
240.8834 	EXP 	rightAnswerText: opacity = 0.0
240.8834 	EXP 	leftAnswerText: text = '3'
240.8834 	EXP 	rightAnswerText: text = '-6'
240.8834 	EXP 	fixationITIcross: color = 'white (named)'
240.8834 	EXP 	leftBox: fillColor = (0.56880000000000008, 0.86, 0.33999999999999997)
240.8834 	EXP 	rightBox: fillColor = (0.86, 0.33999999999999997, 0.69879999999999964)
240.8834 	EXP 	L_condition: text = u'R'
240.8834 	EXP 	R_condition: text = u'R'
240.8834 	EXP 	rightBox: autoDraw = True
240.8834 	EXP 	leftBox: autoDraw = True
240.8834 	EXP 	leftHighlight: autoDraw = True
240.8834 	EXP 	rightHighlight: autoDraw = True
240.8834 	EXP 	L_condition: autoDraw = True
240.8834 	EXP 	R_condition: autoDraw = True
241.2535 	DATA 	Keypress: 2
241.2772 	EXP 	window1: recordFrameIntervals = False
241.3000 	EXP 	rightHighlight: opacity = 1
241.3000 	EXP 	leftAnswerText: text = u'3'
241.3000 	EXP 	rightAnswerText: text = u'-6'
241.3001 	EXP 	window1: recordFrameIntervals = False
244.6005 	EXP 	rightAnswerText: opacity = 1
244.6005 	EXP 	leftAnswerText: text = u'3'
244.6005 	EXP 	rightAnswerText: text = u'-6'
244.6005 	EXP 	leftAnswerText: autoDraw = True
244.6005 	EXP 	rightAnswerText: autoDraw = True
245.5172 	EXP 	rightBox: autoDraw = False
245.5172 	EXP 	leftBox: autoDraw = False
245.5172 	EXP 	leftHighlight: autoDraw = False
245.5172 	EXP 	rightHighlight: autoDraw = False
245.5172 	EXP 	leftAnswerText: autoDraw = False
245.5172 	EXP 	rightAnswerText: autoDraw = False
245.5172 	EXP 	L_condition: autoDraw = False
245.5172 	EXP 	R_condition: autoDraw = False
245.5175 	EXP 	window1: recordFrameIntervals = False
245.5340 	EXP 	fixationITIcross: autoDraw = True
245.5341 	EXP 	window1: recordFrameIntervals = False
253.2206 	EXP 	New trial (rep=0, index=6): {'blockId': 2, 'sd1': 4.0, 'sd2': 4.0, 'stimOnset': 193.5321849801883, 'choiceDuration': 2, 'leftColor': 2, 'itiDuration': 5.7717626558712123, 'mu1': -1.0, 'leftAnswer': 0.0, 'trialId': 7, 'condition': u'RR', 'itiOffset': 205.17324371408685, 'mu2': -14.0, 'rightColor': 7, 'subjectId': u'uepP001', 'feedbackDuration': 1, 'runId': 1, 'isiDuration': 2.8692960780273644, 'rightAnswer': -11.0}
253.2518 	EXP 	fixationITIcross: autoDraw = False
253.2518 	EXP 	rightBox: autoDraw = False
253.2518 	EXP 	leftBox: autoDraw = False
253.2518 	EXP 	leftHighlight: autoDraw = False
253.2518 	EXP 	rightHighlight: autoDraw = False
253.2518 	EXP 	leftAnswerText: autoDraw = False
253.2518 	EXP 	rightAnswerText: autoDraw = False
253.2518 	EXP 	L_condition: autoDraw = False
253.2518 	EXP 	R_condition: autoDraw = False
253.2518 	EXP 	fixationITIcross: autoDraw = False
253.2518 	EXP 	leftHighlight: opacity = 0.0
253.2518 	EXP 	rightHighlight: opacity = 0.0
253.2518 	EXP 	leftAnswerText: opacity = 0.0
253.2518 	EXP 	rightAnswerText: opacity = 0.0
253.2518 	EXP 	leftAnswerText: text = '0'
253.2518 	EXP 	rightAnswerText: text = '-11'
253.2518 	EXP 	fixationITIcross: color = 'white (named)'
253.2518 	EXP 	leftBox: fillColor = (0.56880000000000008, 0.86, 0.33999999999999997)
253.2518 	EXP 	rightBox: fillColor = (0.86, 0.33999999999999997, 0.69879999999999964)
253.2518 	EXP 	L_condition: text = u'R'
253.2518 	EXP 	R_condition: text = u'R'
253.2518 	EXP 	rightBox: autoDraw = True
253.2518 	EXP 	leftBox: autoDraw = True
253.2518 	EXP 	leftHighlight: autoDraw = True
253.2518 	EXP 	rightHighlight: autoDraw = True
253.2518 	EXP 	L_condition: autoDraw = True
253.2518 	EXP 	R_condition: autoDraw = True
253.2714 	DATA 	Keypress: escape
